<?xml version="1.0" encoding="UTF-8"?>
<!-- Generated by org.testng.reporters.JUnitReportReporter -->
<testsuite skipped="0" hostname="DESKTOP-Q15J7MR" name="Real_Scenario.runner.TestNGRunnerTest" tests="2" failures="0" timestamp="2023-06-07T10:32:35 BDT" time="12.822" errors="0">
  <testcase name="runScenario" time="4.941" classname="Real_Scenario.runner.TestNGRunnerTest"/>
  <system-out/>
  <testcase name="runScenario" time="7.881" classname="Real_Scenario.runner.TestNGRunnerTest"/>
  <system-out/>
</testsuite> <!-- Real_Scenario.runner.TestNGRunnerTest -->
